{
  "RSpec": {
    "coverage": {
      "/Users/jackmccarthy/Documents/Makers/Week_5/bowling-challenge-ruby/spec/unit/bowling_scorecard_spec.rb": {
        "lines": [
          1,
          null,
          1,
          34,
          null,
          1,
          1,
          1,
          null,
          null,
          1,
          1,
          null,
          null,
          1,
          1,
          null,
          null,
          1,
          1,
          1,
          null,
          null,
          1,
          1,
          null,
          null,
          1,
          12,
          1,
          null,
          null,
          1,
          10,
          1,
          1,
          1,
          null,
          null,
          1,
          10,
          1,
          1,
          null,
          null,
          1,
          10,
          1,
          null,
          null,
          null,
          1,
          1,
          1,
          1,
          1,
          1,
          null,
          null,
          1,
          1,
          1,
          1,
          1,
          null,
          null,
          1,
          1,
          1,
          1,
          1,
          1,
          null,
          null,
          1,
          1,
          1,
          1,
          1,
          null,
          null,
          1,
          13,
          1,
          null,
          null,
          1,
          10,
          1,
          1,
          1,
          1,
          null,
          null,
          1,
          10,
          1,
          1,
          1,
          null,
          null,
          1,
          10,
          1,
          1,
          1,
          1,
          null,
          null,
          1,
          1,
          1,
          1,
          1,
          1,
          1,
          1,
          1,
          1,
          1,
          1,
          1,
          1,
          1,
          1,
          1,
          1,
          1,
          1,
          1,
          null,
          null,
          1,
          21,
          1,
          null,
          null,
          null,
          null,
          1,
          1,
          1,
          1,
          1,
          1,
          1,
          null,
          null,
          null,
          1,
          1,
          1,
          1,
          1,
          1,
          null,
          null,
          null,
          1,
          1,
          13,
          1,
          null,
          null,
          null,
          null,
          1,
          1,
          1,
          1,
          1,
          1,
          null,
          null,
          null,
          1,
          1,
          1,
          1,
          1,
          1,
          null,
          1,
          null,
          null,
          null,
          null,
          null,
          null,
          1,
          1,
          1,
          1,
          1,
          1,
          1,
          null,
          1,
          null,
          null,
          null,
          null,
          null,
          null,
          null,
          1,
          1,
          1,
          1,
          1,
          1,
          1,
          1,
          1,
          null,
          1,
          null,
          null,
          null,
          null,
          null,
          null,
          null,
          1,
          1,
          1,
          1,
          1,
          null,
          1,
          null,
          null,
          null,
          null,
          null,
          null,
          null,
          null,
          1,
          1,
          13,
          null,
          1,
          null,
          null,
          null,
          null,
          null,
          null,
          null,
          null,
          null,
          null,
          null,
          null,
          null,
          1,
          10,
          1,
          1,
          1,
          null,
          1,
          null,
          null,
          null,
          null,
          null,
          null,
          null,
          null,
          null,
          null,
          null,
          null,
          null,
          1,
          10,
          1,
          1,
          null,
          1,
          null,
          null,
          null,
          null,
          null,
          null,
          null,
          null,
          null,
          null,
          null,
          null,
          null,
          null,
          null,
          1,
          1,
          1,
          1,
          1,
          1,
          null,
          null,
          null,
          1,
          1,
          13,
          1,
          null,
          null,
          null,
          1,
          1,
          9,
          1,
          1,
          1,
          1,
          1,
          1,
          null,
          null,
          null,
          null,
          1,
          null,
          null,
          null,
          null,
          null,
          null,
          null,
          null,
          null,
          null,
          null,
          null,
          null,
          1,
          null,
          1,
          null,
          null,
          null,
          null,
          null,
          null,
          null,
          null,
          null,
          null,
          null,
          null,
          null,
          1,
          null,
          1,
          null
        ]
      },
      "/Users/jackmccarthy/Documents/Makers/Week_5/bowling-challenge-ruby/lib/bowling_scorecard.rb": {
        "lines": [
          1,
          1,
          null,
          1,
          34,
          34,
          34,
          34,
          34,
          34,
          34,
          34,
          34,
          34,
          null,
          null,
          1,
          90774,
          90774,
          null,
          90770,
          90770,
          90770,
          90770,
          90770,
          90770,
          90770,
          90770,
          null,
          null,
          1,
          90534,
          null,
          null,
          1,
          90526,
          90526,
          905201,
          null,
          90525,
          90525,
          null,
          null,
          1,
          1,
          90774,
          90772,
          90770,
          null,
          90770,
          null,
          null,
          1,
          181546,
          null,
          486,
          null,
          null,
          1,
          90770,
          199,
          90571,
          48,
          null,
          90523,
          null,
          null,
          null,
          1,
          199,
          199,
          199,
          null,
          null,
          1,
          48,
          48,
          null,
          null,
          1,
          90770,
          90770,
          null,
          null,
          1,
          247,
          null,
          209,
          165,
          165,
          44,
          4,
          null,
          null,
          null,
          1,
          165,
          165,
          null,
          121,
          121,
          null,
          null,
          1,
          290,
          290,
          290,
          290,
          null,
          null,
          1,
          90770,
          null,
          90556,
          90556,
          null,
          null,
          1,
          90770,
          199,
          null,
          90571,
          null,
          null,
          90770,
          null,
          null,
          1,
          null,
          90770,
          null,
          null,
          null,
          null,
          null,
          null,
          null,
          null,
          null,
          null,
          1,
          90770,
          null,
          214,
          32,
          32,
          182,
          145,
          145,
          null,
          null,
          null,
          1,
          177,
          177,
          177,
          177,
          177,
          null,
          null,
          1,
          905201,
          905201,
          null,
          null,
          null,
          null,
          null,
          null,
          null,
          null,
          null,
          1,
          905201,
          905174,
          null,
          905172,
          null,
          null,
          1,
          905201,
          null,
          null,
          null,
          1,
          905201,
          null,
          814686,
          null,
          null,
          1,
          90525,
          90525,
          54,
          54,
          54,
          null,
          null,
          null,
          1,
          90770,
          90573,
          null,
          46,
          null,
          null,
          1,
          null,
          90573,
          null,
          null,
          null,
          null,
          90573,
          null,
          null
        ]
      },
      "/Users/jackmccarthy/Documents/Makers/Week_5/bowling-challenge-ruby/spec/unit/run_scorecard_spec.rb": {
        "lines": [
          1,
          null,
          1,
          2,
          1,
          1,
          1,
          1,
          1,
          null,
          null,
          null,
          null,
          1,
          null,
          1,
          null
        ]
      },
      "/Users/jackmccarthy/Documents/Makers/Week_5/bowling-challenge-ruby/lib/run_scorecard.rb": {
        "lines": [
          1,
          null,
          1,
          1,
          1,
          1,
          null,
          null,
          1,
          1,
          90523,
          90523,
          90523,
          90523,
          90522,
          null,
          0,
          0,
          null,
          null,
          1,
          null,
          1,
          90523,
          90523,
          null,
          null,
          null
        ]
      }
    },
    "timestamp": 1617535238
  }
}
